Build started 10/28/2014 2:07:50 PM.
     1>Project "C:\Users\bryson.au\Documents\GitHub\Cross-Step\Cross Step\AIE Template.vcxproj" on node 2 (Build target(s)).
     1>ClCompile:
         C:\Program Files (x86)\Microsoft Visual Studio 12.0\VC\bin\CL.exe /c /I./ /I./include/ /ZI /nologo /W3 /WX- /Od /Oy- /D WIN32 /D _DEBUG /D _WINDOWS /D _MBCS /Gm /EHsc /RTC1 /MDd /GS /fp:precise /Zc:wchar_t /Zc:forScope /Fo"obj\\" /Fd"obj\vc120.pdb" /Gd /TP /analyze- /errorReport:prompt source\main.cpp
         main.cpp
     1>c:\users\bryson.au\documents\github\cross-step\cross step\source\main.cpp(35): warning C4244: 'argument' : conversion from 'double' to 'int', possible loss of data
     1>c:\users\bryson.au\documents\github\cross-step\cross step\source\main.cpp(53): warning C4244: '=' : conversion from 'double' to 'unsigned int', possible loss of data
     1>c:\users\bryson.au\documents\github\cross-step\cross step\source\main.cpp(54): warning C4244: '=' : conversion from 'double' to 'unsigned int', possible loss of data
     1>c:\users\bryson.au\documents\github\cross-step\cross step\source\main.cpp(55): warning C4244: '=' : conversion from 'double' to 'unsigned int', possible loss of data
     1>c:\users\bryson.au\documents\github\cross-step\cross step\source\main.cpp(56): warning C4244: '=' : conversion from 'double' to 'unsigned int', possible loss of data
     1>c:\users\bryson.au\documents\github\cross-step\cross step\source\main.cpp(86): warning C4244: 'initializing' : conversion from 'double' to 'float', possible loss of data
     1>c:\users\bryson.au\documents\github\cross-step\cross step\source\main.cpp(87): warning C4244: 'initializing' : conversion from 'double' to 'float', possible loss of data
     1>c:\users\bryson.au\documents\github\cross-step\cross step\source\main.cpp(94): warning C4244: '+=' : conversion from 'double' to 'float', possible loss of data
     1>c:\users\bryson.au\documents\github\cross-step\cross step\source\main.cpp(102): warning C4244: '=' : conversion from 'double' to 'float', possible loss of data
     1>c:\users\bryson.au\documents\github\cross-step\cross step\source\main.cpp(103): warning C4244: '=' : conversion from 'double' to 'float', possible loss of data
     1>c:\users\bryson.au\documents\github\cross-step\cross step\source\main.cpp(104): warning C4244: '=' : conversion from 'double' to 'float', possible loss of data
     1>c:\users\bryson.au\documents\github\cross-step\cross step\source\main.cpp(105): warning C4244: '=' : conversion from 'double' to 'float', possible loss of data
     1>c:\users\bryson.au\documents\github\cross-step\cross step\source\main.cpp(129): warning C4244: 'initializing' : conversion from 'double' to 'float', possible loss of data
     1>c:\users\bryson.au\documents\github\cross-step\cross step\source\main.cpp(130): warning C4244: 'initializing' : conversion from 'double' to 'float', possible loss of data
     1>c:\users\bryson.au\documents\github\cross-step\cross step\source\main.cpp(185): warning C4244: 'argument' : conversion from 'float' to 'int', possible loss of data
     1>c:\users\bryson.au\documents\github\cross-step\cross step\source\main.cpp(186): warning C4244: '-=' : conversion from 'double' to 'float', possible loss of data
     1>c:\users\bryson.au\documents\github\cross-step\cross step\source\main.cpp(187): warning C4244: '=' : conversion from 'double' to 'float', possible loss of data
     1>c:\users\bryson.au\documents\github\cross-step\cross step\source\main.cpp(188): warning C4244: '=' : conversion from 'double' to 'float', possible loss of data
     1>c:\users\bryson.au\documents\github\cross-step\cross step\source\main.cpp(212): warning C4244: 'initializing' : conversion from 'double' to 'float', possible loss of data
     1>c:\users\bryson.au\documents\github\cross-step\cross step\source\main.cpp(213): warning C4244: 'initializing' : conversion from 'double' to 'float', possible loss of data
     1>c:\users\bryson.au\documents\github\cross-step\cross step\source\main.cpp(231): warning C4244: 'argument' : conversion from 'float' to 'int', possible loss of data
     1>c:\users\bryson.au\documents\github\cross-step\cross step\source\main.cpp(232): warning C4244: '=' : conversion from 'double' to 'float', possible loss of data
     1>c:\users\bryson.au\documents\github\cross-step\cross step\source\main.cpp(255): warning C4244: 'argument' : conversion from 'float' to 'int', possible loss of data
     1>c:\users\bryson.au\documents\github\cross-step\cross step\source\main.cpp(272): warning C4244: '+=' : conversion from 'double' to 'float', possible loss of data
     1>c:\users\bryson.au\documents\github\cross-step\cross step\source\main.cpp(275): warning C4244: '=' : conversion from 'double' to 'float', possible loss of data
     1>c:\users\bryson.au\documents\github\cross-step\cross step\source\main.cpp(280): warning C4244: '-=' : conversion from 'double' to 'float', possible loss of data
     1>c:\users\bryson.au\documents\github\cross-step\cross step\source\main.cpp(283): warning C4244: '=' : conversion from 'double' to 'float', possible loss of data
     1>c:\users\bryson.au\documents\github\cross-step\cross step\source\main.cpp(288): warning C4244: '-=' : conversion from 'double' to 'float', possible loss of data
     1>c:\users\bryson.au\documents\github\cross-step\cross step\source\main.cpp(291): warning C4244: '=' : conversion from 'double' to 'float', possible loss of data
     1>c:\users\bryson.au\documents\github\cross-step\cross step\source\main.cpp(296): warning C4244: '+=' : conversion from 'double' to 'float', possible loss of data
     1>c:\users\bryson.au\documents\github\cross-step\cross step\source\main.cpp(299): warning C4244: '=' : conversion from 'double' to 'float', possible loss of data
     1>c:\users\bryson.au\documents\github\cross-step\cross step\source\main.cpp(326): warning C4244: 'argument' : conversion from 'double' to 'int', possible loss of data
     1>c:\users\bryson.au\documents\github\cross-step\cross step\source\main.cpp(327): warning C4244: 'argument' : conversion from 'double' to 'int', possible loss of data
     1>c:\users\bryson.au\documents\github\cross-step\cross step\source\main.cpp(328): warning C4244: '=' : conversion from 'double' to 'float', possible loss of data
     1>c:\users\bryson.au\documents\github\cross-step\cross step\source\main.cpp(329): warning C4244: '=' : conversion from 'double' to 'float', possible loss of data
     1>c:\users\bryson.au\documents\github\cross-step\cross step\source\main.cpp(331): warning C4244: 'argument' : conversion from 'double' to 'int', possible loss of data
     1>c:\users\bryson.au\documents\github\cross-step\cross step\source\main.cpp(332): warning C4244: '=' : conversion from 'int' to 'float', possible loss of data
     1>c:\users\bryson.au\documents\github\cross-step\cross step\source\main.cpp(334): warning C4244: 'argument' : conversion from 'float' to 'int', possible loss of data
     1>c:\users\bryson.au\documents\github\cross-step\cross step\source\main.cpp(335): warning C4244: '=' : conversion from 'double' to 'float', possible loss of data
     1>c:\users\bryson.au\documents\github\cross-step\cross step\source\main.cpp(336): warning C4244: '=' : conversion from 'double' to 'float', possible loss of data
     1>c:\users\bryson.au\documents\github\cross-step\cross step\source\main.cpp(362): warning C4996: 'itoa': The POSIX name for this item is deprecated. Instead, use the ISO C++ conformant name: _itoa. See online help for details.
                 c:\program files (x86)\microsoft visual studio 12.0\vc\include\stdlib.h(937) : see declaration of 'itoa'
     1>c:\users\bryson.au\documents\github\cross-step\cross step\source\main.cpp(363): warning C4996: 'itoa': The POSIX name for this item is deprecated. Instead, use the ISO C++ conformant name: _itoa. See online help for details.
                 c:\program files (x86)\microsoft visual studio 12.0\vc\include\stdlib.h(937) : see declaration of 'itoa'
     1>c:\users\bryson.au\documents\github\cross-step\cross step\source\main.cpp(364): warning C4996: 'itoa': The POSIX name for this item is deprecated. Instead, use the ISO C++ conformant name: _itoa. See online help for details.
                 c:\program files (x86)\microsoft visual studio 12.0\vc\include\stdlib.h(937) : see declaration of 'itoa'
     1>c:\users\bryson.au\documents\github\cross-step\cross step\source\main.cpp(365): warning C4244: 'argument' : conversion from 'float' to 'int', possible loss of data
     1>c:\users\bryson.au\documents\github\cross-step\cross step\source\main.cpp(365): warning C4996: 'itoa': The POSIX name for this item is deprecated. Instead, use the ISO C++ conformant name: _itoa. See online help for details.
                 c:\program files (x86)\microsoft visual studio 12.0\vc\include\stdlib.h(937) : see declaration of 'itoa'
     1>c:\users\bryson.au\documents\github\cross-step\cross step\source\main.cpp(366): warning C4244: 'argument' : conversion from 'float' to 'int', possible loss of data
     1>c:\users\bryson.au\documents\github\cross-step\cross step\source\main.cpp(366): warning C4996: 'itoa': The POSIX name for this item is deprecated. Instead, use the ISO C++ conformant name: _itoa. See online help for details.
                 c:\program files (x86)\microsoft visual studio 12.0\vc\include\stdlib.h(937) : see declaration of 'itoa'
     1>c:\users\bryson.au\documents\github\cross-step\cross step\source\main.cpp(370): warning C4244: 'argument' : conversion from 'double' to 'float', possible loss of data
     1>c:\users\bryson.au\documents\github\cross-step\cross step\source\main.cpp(372): warning C4244: 'argument' : conversion from 'double' to 'float', possible loss of data
     1>c:\users\bryson.au\documents\github\cross-step\cross step\source\main.cpp(375): warning C4244: 'argument' : conversion from 'double' to 'int', possible loss of data
     1>c:\users\bryson.au\documents\github\cross-step\cross step\source\main.cpp(378): warning C4244: '-=' : conversion from 'double' to 'float', possible loss of data
     1>c:\users\bryson.au\documents\github\cross-step\cross step\source\main.cpp(379): warning C4244: '-=' : conversion from 'double' to 'float', possible loss of data
     1>c:\users\bryson.au\documents\github\cross-step\cross step\source\main.cpp(382): warning C4244: '=' : conversion from 'double' to 'float', possible loss of data
     1>c:\users\bryson.au\documents\github\cross-step\cross step\source\main.cpp(386): warning C4244: '=' : conversion from 'double' to 'float', possible loss of data
     1>c:\users\bryson.au\documents\github\cross-step\cross step\source\main.cpp(403): warning C4244: 'argument' : conversion from 'double' to 'float', possible loss of data
     1>c:\users\bryson.au\documents\github\cross-step\cross step\source\main.cpp(416): warning C4244: '-=' : conversion from 'double' to 'float', possible loss of data
     1>c:\users\bryson.au\documents\github\cross-step\cross step\source\main.cpp(422): warning C4244: 'argument' : conversion from 'double' to 'int', possible loss of data
     1>c:\users\bryson.au\documents\github\cross-step\cross step\source\main.cpp(423): warning C4244: 'argument' : conversion from 'double' to 'int', possible loss of data
     1>c:\users\bryson.au\documents\github\cross-step\cross step\source\main.cpp(424): warning C4244: 'argument' : conversion from 'double' to 'int', possible loss of data
     1>c:\users\bryson.au\documents\github\cross-step\cross step\source\main.cpp(425): warning C4244: 'argument' : conversion from 'double' to 'int', possible loss of data
     1>c:\users\bryson.au\documents\github\cross-step\cross step\source\main.cpp(426): warning C4244: 'argument' : conversion from 'double' to 'int', possible loss of data
     1>c:\users\bryson.au\documents\github\cross-step\cross step\source\main.cpp(427): warning C4244: 'argument' : conversion from 'double' to 'int', possible loss of data
     1>c:\users\bryson.au\documents\github\cross-step\cross step\source\main.cpp(428): warning C4244: 'argument' : conversion from 'double' to 'int', possible loss of data
     1>c:\users\bryson.au\documents\github\cross-step\cross step\source\main.cpp(437): warning C4244: '=' : conversion from 'double' to 'float', possible loss of data
     1>c:\users\bryson.au\documents\github\cross-step\cross step\source\main.cpp(438): warning C4244: '=' : conversion from 'double' to 'float', possible loss of data
     1>c:\users\bryson.au\documents\github\cross-step\cross step\source\main.cpp(439): warning C4244: '=' : conversion from 'double' to 'float', possible loss of data
     1>c:\users\bryson.au\documents\github\cross-step\cross step\source\main.cpp(440): warning C4244: '=' : conversion from 'double' to 'float', possible loss of data
     1>c:\users\bryson.au\documents\github\cross-step\cross step\source\main.cpp(446): warning C4244: '+=' : conversion from 'double' to 'float', possible loss of data
     1>c:\users\bryson.au\documents\github\cross-step\cross step\source\main.cpp(449): warning C4244: '=' : conversion from 'double' to 'float', possible loss of data
     1>c:\users\bryson.au\documents\github\cross-step\cross step\source\main.cpp(451): warning C4244: '=' : conversion from 'double' to 'float', possible loss of data
     1>c:\users\bryson.au\documents\github\cross-step\cross step\source\main.cpp(452): warning C4244: '=' : conversion from 'double' to 'float', possible loss of data
     1>c:\users\bryson.au\documents\github\cross-step\cross step\source\main.cpp(453): warning C4244: '=' : conversion from 'double' to 'float', possible loss of data
     1>c:\users\bryson.au\documents\github\cross-step\cross step\source\main.cpp(454): warning C4244: '=' : conversion from 'double' to 'float', possible loss of data
     1>c:\users\bryson.au\documents\github\cross-step\cross step\source\main.cpp(515): error C2039: 'bulletUpperBoundary' : is not a member of 'Player'
                 c:\users\bryson.au\documents\github\cross-step\cross step\source\main.cpp(200) : see declaration of 'Player'
     1>c:\users\bryson.au\documents\github\cross-step\cross step\source\main.cpp(517): error C2039: 'bulletUpperBoundary' : is not a member of 'Player'
                 c:\users\bryson.au\documents\github\cross-step\cross step\source\main.cpp(200) : see declaration of 'Player'
     1>c:\users\bryson.au\documents\github\cross-step\cross step\source\main.cpp(519): error C2039: 'bulletDagger' : is not a member of 'Player'
                 c:\users\bryson.au\documents\github\cross-step\cross step\source\main.cpp(200) : see declaration of 'Player'
     1>c:\users\bryson.au\documents\github\cross-step\cross step\source\main.cpp(519): error C2228: left of '.bulletLeftBoundary' must have class/struct/union
     1>c:\users\bryson.au\documents\github\cross-step\cross step\source\main.cpp(521): error C2039: 'bulletDagger' : is not a member of 'Player'
                 c:\users\bryson.au\documents\github\cross-step\cross step\source\main.cpp(200) : see declaration of 'Player'
     1>c:\users\bryson.au\documents\github\cross-step\cross step\source\main.cpp(521): error C2228: left of '.bulletLeftBoundary' must have class/struct/union
     1>c:\users\bryson.au\documents\github\cross-step\cross step\source\main.cpp(529): error C2039: 'bulletDagger' : is not a member of 'Player'
                 c:\users\bryson.au\documents\github\cross-step\cross step\source\main.cpp(200) : see declaration of 'Player'
     1>c:\users\bryson.au\documents\github\cross-step\cross step\source\main.cpp(529): error C2228: left of '.bulletUpperBoundary' must have class/struct/union
     1>c:\users\bryson.au\documents\github\cross-step\cross step\source\main.cpp(531): error C2039: 'bulletDagger' : is not a member of 'Player'
                 c:\users\bryson.au\documents\github\cross-step\cross step\source\main.cpp(200) : see declaration of 'Player'
     1>c:\users\bryson.au\documents\github\cross-step\cross step\source\main.cpp(531): error C2228: left of '.bulletUpperBoundary' must have class/struct/union
     1>c:\users\bryson.au\documents\github\cross-step\cross step\source\main.cpp(533): error C2039: 'bulletDagger' : is not a member of 'Player'
                 c:\users\bryson.au\documents\github\cross-step\cross step\source\main.cpp(200) : see declaration of 'Player'
     1>c:\users\bryson.au\documents\github\cross-step\cross step\source\main.cpp(533): error C2228: left of '.bulletRightBoundary' must have class/struct/union
     1>c:\users\bryson.au\documents\github\cross-step\cross step\source\main.cpp(535): error C2039: 'bulletDagger' : is not a member of 'Player'
                 c:\users\bryson.au\documents\github\cross-step\cross step\source\main.cpp(200) : see declaration of 'Player'
     1>c:\users\bryson.au\documents\github\cross-step\cross step\source\main.cpp(535): error C2228: left of '.bulletRightBoundary' must have class/struct/union
     1>c:\users\bryson.au\documents\github\cross-step\cross step\source\main.cpp(542): error C2039: 'bulletDagger' : is not a member of 'Player'
                 c:\users\bryson.au\documents\github\cross-step\cross step\source\main.cpp(200) : see declaration of 'Player'
     1>c:\users\bryson.au\documents\github\cross-step\cross step\source\main.cpp(542): error C2228: left of '.bulletLowerBoundary' must have class/struct/union
     1>c:\users\bryson.au\documents\github\cross-step\cross step\source\main.cpp(544): error C2039: 'bulletDagger' : is not a member of 'Player'
                 c:\users\bryson.au\documents\github\cross-step\cross step\source\main.cpp(200) : see declaration of 'Player'
     1>c:\users\bryson.au\documents\github\cross-step\cross step\source\main.cpp(544): error C2228: left of '.bulletLowerBoundary' must have class/struct/union
     1>c:\users\bryson.au\documents\github\cross-step\cross step\source\main.cpp(546): error C2039: 'bulletDagger' : is not a member of 'Player'
                 c:\users\bryson.au\documents\github\cross-step\cross step\source\main.cpp(200) : see declaration of 'Player'
     1>c:\users\bryson.au\documents\github\cross-step\cross step\source\main.cpp(546): error C2228: left of '.bulletLeftBoundary' must have class/struct/union
     1>c:\users\bryson.au\documents\github\cross-step\cross step\source\main.cpp(548): error C2039: 'bulletDagger' : is not a member of 'Player'
                 c:\users\bryson.au\documents\github\cross-step\cross step\source\main.cpp(200) : see declaration of 'Player'
     1>c:\users\bryson.au\documents\github\cross-step\cross step\source\main.cpp(548): error C2228: left of '.bulletLeftBoundary' must have class/struct/union
     1>c:\users\bryson.au\documents\github\cross-step\cross step\source\main.cpp(555): error C2039: 'bulletDagger' : is not a member of 'Player'
                 c:\users\bryson.au\documents\github\cross-step\cross step\source\main.cpp(200) : see declaration of 'Player'
     1>c:\users\bryson.au\documents\github\cross-step\cross step\source\main.cpp(555): error C2228: left of '.bulletLowerBoundary' must have class/struct/union
     1>c:\users\bryson.au\documents\github\cross-step\cross step\source\main.cpp(557): error C2039: 'bulletDagger' : is not a member of 'Player'
                 c:\users\bryson.au\documents\github\cross-step\cross step\source\main.cpp(200) : see declaration of 'Player'
     1>c:\users\bryson.au\documents\github\cross-step\cross step\source\main.cpp(557): error C2228: left of '.bulletLowerBoundary' must have class/struct/union
     1>c:\users\bryson.au\documents\github\cross-step\cross step\source\main.cpp(559): error C2039: 'bulletDagger' : is not a member of 'Player'
                 c:\users\bryson.au\documents\github\cross-step\cross step\source\main.cpp(200) : see declaration of 'Player'
     1>c:\users\bryson.au\documents\github\cross-step\cross step\source\main.cpp(559): error C2228: left of '.bulletRightBoundary' must have class/struct/union
     1>c:\users\bryson.au\documents\github\cross-step\cross step\source\main.cpp(561): error C2039: 'bulletDagger' : is not a member of 'Player'
                 c:\users\bryson.au\documents\github\cross-step\cross step\source\main.cpp(200) : see declaration of 'Player'
     1>c:\users\bryson.au\documents\github\cross-step\cross step\source\main.cpp(561): error C2228: left of '.bulletRightBoundary' must have class/struct/union
     1>c:\users\bryson.au\documents\github\cross-step\cross step\source\main.cpp(576): warning C4244: '=' : conversion from 'int' to 'float', possible loss of data
     1>c:\users\bryson.au\documents\github\cross-step\cross step\source\main.cpp(582): warning C4244: 'argument' : conversion from 'double' to 'int', possible loss of data
     1>c:\users\bryson.au\documents\github\cross-step\cross step\source\main.cpp(586): warning C4244: '=' : conversion from 'double' to 'float', possible loss of data
     1>c:\users\bryson.au\documents\github\cross-step\cross step\source\main.cpp(589): warning C4244: '=' : conversion from 'double' to 'float', possible loss of data
     1>c:\users\bryson.au\documents\github\cross-step\cross step\source\main.cpp(590): warning C4244: '=' : conversion from 'double' to 'float', possible loss of data
     1>c:\users\bryson.au\documents\github\cross-step\cross step\source\main.cpp(591): error C2039: 'bulletDagger' : is not a member of 'Player'
                 c:\users\bryson.au\documents\github\cross-step\cross step\source\main.cpp(200) : see declaration of 'Player'
     1>c:\users\bryson.au\documents\github\cross-step\cross step\source\main.cpp(591): error C2228: left of '.bulletCount' must have class/struct/union
     1>Done Building Project "C:\Users\bryson.au\Documents\GitHub\Cross-Step\Cross Step\AIE Template.vcxproj" (Build target(s)) -- FAILED.

Build FAILED.

Time Elapsed 00:00:00.70
